<?xml version="1.0" encoding="UTF-8" ?>
<testsuite errors="0" failures="0" hostname="SSGS-12" name="test.MyMathTest" skipped="0" tests="1" time="0.026" timestamp="2019-01-03T12:15:29">
  <properties>
    <property name="java.vendor" value="Oracle Corporation" />
    <property name="sun.java.launcher" value="SUN_STANDARD" />
    <property name="eclipse.pdebuild.templates" value="C:\Users\Gouri\eclipse\jee-oxygen\eclipse\..\..\..\.p2\pool\plugins\org.eclipse.pde.build_3.9.300.v20170515-0912\templates" />
    <property name="sun.management.compiler" value="HotSpot 64-Bit Tiered Compilers" />
    <property name="os.name" value="Windows 10" />
    <property name="sun.boot.class.path" value="C:\Program Files\Java\jdk1.8.0_191\jre\lib\resources.jar;C:\Program Files\Java\jdk1.8.0_191\jre\lib\rt.jar;C:\Program Files\Java\jdk1.8.0_191\jre\lib\sunrsasign.jar;C:\Program Files\Java\jdk1.8.0_191\jre\lib\jsse.jar;C:\Program Files\Java\jdk1.8.0_191\jre\lib\jce.jar;C:\Program Files\Java\jdk1.8.0_191\jre\lib\charsets.jar;C:\Program Files\Java\jdk1.8.0_191\jre\lib\jfr.jar;C:\Program Files\Java\jdk1.8.0_191\jre\classes" />
    <property name="sun.desktop" value="windows" />
    <property name="java.vm.specification.vendor" value="Oracle Corporation" />
    <property name="ant.home" value="C:\Users\Gouri\.p2\pool\plugins\org.apache.ant_1.10.1.v20170504-0840" />
    <property name="java.runtime.version" value="1.8.0_191-b12" />
    <property name="user.name" value="Gouri" />
    <property name="build.dir" value="C:\Users\Gouri\eclipse-workspace\de.vogella.build.ant.first\bin" />
    <property name="user.language" value="en" />
    <property name="test.report.dir" value="C:\Users\Gouri\eclipse-workspace\de.vogella.build.ant.first\testreport" />
    <property name="sun.boot.library.path" value="C:\Program Files\Java\jdk1.8.0_191\jre\bin" />
    <property name="ant.file.type.Ant-Test" value="file" />
    <property name="ant.project.default-target" value="main" />
    <property name="ant.project.name" value="Ant-Test" />
    <property name="java.version" value="1.8.0_191" />
    <property name="user.timezone" value="" />
    <property name="sun.arch.data.model" value="64" />
    <property name="java.endorsed.dirs" value="C:\Program Files\Java\jdk1.8.0_191\jre\lib\endorsed" />
    <property name="sun.cpu.isalist" value="amd64" />
    <property name="sun.jnu.encoding" value="Cp1252" />
    <property name="file.encoding.pkg" value="sun.io" />
    <property name="file.separator" value="\" />
    <property name="java.specification.name" value="Java Platform API Specification" />
    <property name="java.class.version" value="52.0" />
    <property name="user.country" value="US" />
    <property name="java.home" value="C:\Program Files\Java\jdk1.8.0_191\jre" />
    <property name="java.vm.info" value="mixed mode" />
    <property name="ant.file" value="C:\Users\Gouri\eclipse-workspace\de.vogella.build.ant.first\build.xml" />
    <property name="os.version" value="10.0" />
    <property name="path.separator" value=";" />
    <property name="java.vm.version" value="25.191-b12" />
    <property name="user.variant" value="" />
    <property name="ant.library.dir" value="C:\Users\Gouri\.p2\pool\plugins\org.apache.ant_1.10.1.v20170504-0840\lib" />
    <property name="java.awt.printerjob" value="sun.awt.windows.WPrinterJob" />
    <property name="sun.io.unicode.encoding" value="UnicodeLittle" />
    <property name="awt.toolkit" value="sun.awt.windows.WToolkit" />
    <property name="user.script" value="" />
    <property name="eclipse.pdebuild.scripts" value="C:\Users\Gouri\eclipse\jee-oxygen\eclipse\..\..\..\.p2\pool\plugins\org.eclipse.pde.build_3.9.300.v20170515-0912\scripts" />
    <property name="user.home" value="C:\Users\Gouri" />
    <property name="java.specification.vendor" value="Oracle Corporation" />
    <property name="test.dir" value="C:\Users\Gouri\eclipse-workspace\de.vogella.build.ant.first\src" />
    <property name="java.library.path" value="C:\Users\Gouri\eclipse\jee-oxygen\eclipse;C:\Windows\Sun\Java\bin;C:\Windows\system32;C:\Windows;C:/Program Files/Java/jre1.8.0_191/bin/server;C:/Program Files/Java/jre1.8.0_191/bin;C:/Program Files/Java/jre1.8.0_191/lib/amd64;C:\Program Files (x86)\Common Files\Oracle\Java\javapath;C:\ProgramData\Oracle\Java\javapath;C:\Program Files (x86)\Intel\Intel(R) Management Engine Components\iCLS\;C:\Program Files\Intel\Intel(R) Management Engine Components\iCLS\;C:\Windows\system32;C:\Windows;C:\Windows\System32\Wbem;C:\Windows\System32\WindowsPowerShell\v1.0\;C:\Windows\System32\OpenSSH\;C:\Program Files (x86)\Intel\Intel(R) Management Engine Components\DAL;C:\Program Files\Intel\Intel(R) Management Engine Components\DAL;C:\Program Files (x86)\Intel\Intel(R) Management Engine Components\IPT;C:\Program Files\Intel\Intel(R) Management Engine Components\IPT;C:\Program Files\Intel\WiFi\bin\;C:\Program Files\Common Files\Intel\WirelessCommon\;C:\Program Files\Microsoft SQL Server\130\Tools\Binn\;C:\Program Files\dotnet\;C:\Program Files\nodejs\;C:\Program Files\Git\cmd;%JAVA_HOME%\bin;C:\Program Files\Java\jdk-10\bin;C:\Users\Gouri\AppData\Local\Microsoft\WindowsApps;C:\Users\Gouri\AppData\Roaming\npm;C:\Users\Gouri\AppData\Local\GitHubDesktop\bin;C:\Program Files (x86)\Java\jre1.8.0_171\bin\javaw.exe;C:\Program Files\Maven\apache-maven-3.6.0\bin;C:\Program Files (x86)\Microsoft Visual Studio\2017\Enterprise\MSBuild\15.0\Bin\amd64;C:\Users\Gouri\eclipse\jee-oxygen\eclipse;;.;C:\Users\Gouri\eclipse\jee-oxygen\eclipse\configuration\org.eclipse.osgi\792\0\.cp" />
    <property name="java.vendor.url" value="http://java.oracle.com/" />
    <property name="ant.file.Ant-Test" value="C:\Users\Gouri\eclipse-workspace\de.vogella.build.ant.first\build.xml" />
    <property name="java.vm.vendor" value="Oracle Corporation" />
    <property name="java.runtime.name" value="Java(TM) SE Runtime Environment" />
    <property name="sun.java.command" value="org.eclipse.ant.internal.launching.remote.InternalAntRunner -Dorg.eclipse.ant.core.ANT_PROCESS_ID=1546517727231 -Declipse.connect.port=2216 -Declipse.pdebuild.home=C:\Users\Gouri\eclipse\jee-oxygen\eclipse\..\..\..\.p2\pool\plugins\org.eclipse.pde.build_3.9.300.v20170515-0912\. -Declipse.pdebuild.scripts=C:\Users\Gouri\eclipse\jee-oxygen\eclipse\..\..\..\.p2\pool\plugins\org.eclipse.pde.build_3.9.300.v20170515-0912\scripts -Declipse.pdebuild.templates=C:\Users\Gouri\eclipse\jee-oxygen\eclipse\..\..\..\.p2\pool\plugins\org.eclipse.pde.build_3.9.300.v20170515-0912\templates -Dant.home=C:\Users\Gouri\.p2\pool\plugins\org.apache.ant_1.10.1.v20170504-0840 -logger org.eclipse.ant.internal.launching.remote.logger.RemoteAntBuildLogger -inputhandler org.eclipse.ant.internal.ui.antsupport.inputhandler.ProxyInputHandler -buildfile C:\Users\Gouri\eclipse-workspace\de.vogella.build.ant.first\build.xml" />
    <property name="java.class.path" value="C:\Program Files\Java\jdk1.8.0_191\jre\lib\resources.jar;C:\Program Files\Java\jdk1.8.0_191\jre\lib\rt.jar;C:\Program Files\Java\jdk1.8.0_191\jre\lib\jsse.jar;C:\Program Files\Java\jdk1.8.0_191\jre\lib\jce.jar;C:\Program Files\Java\jdk1.8.0_191\jre\lib\charsets.jar;C:\Program Files\Java\jdk1.8.0_191\jre\lib\jfr.jar;C:\Program Files\Java\jdk1.8.0_191\jre\lib\ext\access-bridge-64.jar;C:\Program Files\Java\jdk1.8.0_191\jre\lib\ext\cldrdata.jar;C:\Program Files\Java\jdk1.8.0_191\jre\lib\ext\dnsns.jar;C:\Program Files\Java\jdk1.8.0_191\jre\lib\ext\jaccess.jar;C:\Program Files\Java\jdk1.8.0_191\jre\lib\ext\jfxrt.jar;C:\Program Files\Java\jdk1.8.0_191\jre\lib\ext\localedata.jar;C:\Program Files\Java\jdk1.8.0_191\jre\lib\ext\nashorn.jar;C:\Program Files\Java\jdk1.8.0_191\jre\lib\ext\sunec.jar;C:\Program Files\Java\jdk1.8.0_191\jre\lib\ext\sunjce_provider.jar;C:\Program Files\Java\jdk1.8.0_191\jre\lib\ext\sunmscapi.jar;C:\Program Files\Java\jdk1.8.0_191\jre\lib\ext\sunpkcs11.jar;C:\Program Files\Java\jdk1.8.0_191\jre\lib\ext\zipfs.jar;C:\Users\Gouri\.p2\pool\plugins\org.apache.ant_1.10.1.v20170504-0840\lib\ant-antlr.jar;C:\Users\Gouri\.p2\pool\plugins\org.apache.ant_1.10.1.v20170504-0840\lib\ant-apache-bcel.jar;C:\Users\Gouri\.p2\pool\plugins\org.apache.ant_1.10.1.v20170504-0840\lib\ant-apache-bsf.jar;C:\Users\Gouri\.p2\pool\plugins\org.apache.ant_1.10.1.v20170504-0840\lib\ant-apache-log4j.jar;C:\Users\Gouri\.p2\pool\plugins\org.apache.ant_1.10.1.v20170504-0840\lib\ant-apache-oro.jar;C:\Users\Gouri\.p2\pool\plugins\org.apache.ant_1.10.1.v20170504-0840\lib\ant-apache-regexp.jar;C:\Users\Gouri\.p2\pool\plugins\org.apache.ant_1.10.1.v20170504-0840\lib\ant-apache-resolver.jar;C:\Users\Gouri\.p2\pool\plugins\org.apache.ant_1.10.1.v20170504-0840\lib\ant-apache-xalan2.jar;C:\Users\Gouri\.p2\pool\plugins\org.apache.ant_1.10.1.v20170504-0840\lib\ant-commons-logging.jar;C:\Users\Gouri\.p2\pool\plugins\org.apache.ant_1.10.1.v20170504-0840\lib\ant-commons-net.jar;C:\Users\Gouri\.p2\pool\plugins\org.apache.ant_1.10.1.v20170504-0840\lib\ant-jai.jar;C:\Users\Gouri\.p2\pool\plugins\org.apache.ant_1.10.1.v20170504-0840\lib\ant-javamail.jar;C:\Users\Gouri\.p2\pool\plugins\org.apache.ant_1.10.1.v20170504-0840\lib\ant-jdepend.jar;C:\Users\Gouri\.p2\pool\plugins\org.apache.ant_1.10.1.v20170504-0840\lib\ant-jmf.jar;C:\Users\Gouri\.p2\pool\plugins\org.apache.ant_1.10.1.v20170504-0840\lib\ant-jsch.jar;C:\Users\Gouri\.p2\pool\plugins\org.apache.ant_1.10.1.v20170504-0840\lib\ant-junit.jar;C:\Users\Gouri\.p2\pool\plugins\org.apache.ant_1.10.1.v20170504-0840\lib\ant-junit4.jar;C:\Users\Gouri\.p2\pool\plugins\org.apache.ant_1.10.1.v20170504-0840\lib\ant-launcher.jar;C:\Users\Gouri\.p2\pool\plugins\org.apache.ant_1.10.1.v20170504-0840\lib\ant-netrexx.jar;C:\Users\Gouri\.p2\pool\plugins\org.apache.ant_1.10.1.v20170504-0840\lib\ant-swing.jar;C:\Users\Gouri\.p2\pool\plugins\org.apache.ant_1.10.1.v20170504-0840\lib\ant-testutil.jar;C:\Users\Gouri\.p2\pool\plugins\org.apache.ant_1.10.1.v20170504-0840\lib\ant.jar;C:\Users\Gouri\eclipse\jee-oxygen\eclipse\configuration\org.eclipse.osgi\94\0\.cp\lib\antdebug.jar;C:\Users\Gouri\eclipse\jee-oxygen\eclipse\configuration\org.eclipse.osgi\94\0\.cp\lib\remote.jar;C:\Users\Gouri\eclipse\jee-oxygen\eclipse\configuration\org.eclipse.osgi\95\0\.cp\lib\remoteAnt.jar;C:\Program Files\Java\jdk1.8.0_191\lib\tools.jar;C:\Users\Gouri\.p2\pool\plugins\org.eclipse.swt.win32.win32.x86_64_3.106.3.v20180329-0507.jar" />
    <property name="ant.version" value="Apache Ant(TM) version 1.10.1 compiled on February 2 2017" />
    <property name="java.vm.specification.name" value="Java Virtual Machine Specification" />
    <property name="java.vm.specification.version" value="1.8" />
    <property name="sun.cpu.endian" value="little" />
    <property name="sun.os.patch.level" value="" />
    <property name="eclipse.pdebuild.home" value="C:\Users\Gouri\eclipse\jee-oxygen\eclipse\..\..\..\.p2\pool\plugins\org.eclipse.pde.build_3.9.300.v20170515-0912\." />
    <property name="java.io.tmpdir" value="C:\Users\Gouri\AppData\Local\Temp\" />
    <property name="java.vendor.url.bug" value="http://bugreport.sun.com/bugreport/" />
    <property name="os.arch" value="amd64" />
    <property name="java.awt.graphicsenv" value="sun.awt.Win32GraphicsEnvironment" />
    <property name="java.ext.dirs" value="C:\Program Files\Java\jdk1.8.0_191\jre\lib\ext;C:\Windows\Sun\Java\lib\ext" />
    <property name="user.dir" value="C:\Users\Gouri\eclipse-workspace\de.vogella.build.ant.first" />
    <property name="line.separator" value="&#xd;&#xa;" />
    <property name="java.vm.name" value="Java HotSpot(TM) 64-Bit Server VM" />
    <property name="basedir" value="C:\Users\Gouri\eclipse-workspace\de.vogella.build.ant.first" />
    <property name="ant.java.version" value="1.8" />
    <property name="ant.core.lib" value="C:\Users\Gouri\.p2\pool\plugins\org.apache.ant_1.10.1.v20170504-0840\lib\ant.jar" />
    <property name="file.encoding" value="UTF-8" />
    <property name="java.specification.version" value="1.8" />
    <property name="src.dir" value="C:\Users\Gouri\eclipse-workspace\de.vogella.build.ant.first\src" />
    <property name="ant.project.invoked-targets" value="main" />
  </properties>
  <testcase classname="test.MyMathTest" name="testMulti" time="0.001" />
  <system-out><![CDATA[]]></system-out>
  <system-err><![CDATA[]]></system-err>
</testsuite>
